Using pre-set license
Built from '2020.3/staging' branch; Version is '2020.3.11f1 (99c7afb366b3) revision 10078127'; Using compiler version '192528614'; Build Type 'Release'
OS: 'Windows 10 Education; OS build 19042.1288; Version 2009; 64bit' Language: 'en' Physical Memory: 8099 MB
BatchMode: 1, IsHumanControllingUs: 0, StartBugReporterOnCrash: 0, Is64bit: 1, IsPro: 0

 COMMAND LINE ARGUMENTS:
C:\Program Files\Unity\Hub\Editor\2020.3.11f1\Editor\Unity.exe
-adb2
-batchMode
-noUpm
-name
AssetImportWorker0
-projectPath
C:/Users/landonp/Documents/GitHub/Snake2
-logFile
Logs/AssetImportWorker0.log
-srvPort
50770
Successfully changed project path to: C:/Users/landonp/Documents/GitHub/Snake2
C:/Users/landonp/Documents/GitHub/Snake2
Using Asset Import Pipeline V2.
Refreshing native plugins compatible for Editor in 58.92 ms, found 3 plugins.
Preloading 0 native plugins for Editor in 0.00 ms.
Initialize engine version: 2020.3.11f1 (99c7afb366b3)
[Subsystems] Discovering subsystems at path C:/Program Files/Unity/Hub/Editor/2020.3.11f1/Editor/Data/Resources/UnitySubsystems
[Subsystems] Discovering subsystems at path C:/Users/landonp/Documents/GitHub/Snake2/Assets
GfxDevice: creating device client; threaded=0
Direct3D:
    Version:  Direct3D 11.0 [level 11.1]
    Renderer: Intel(R) HD Graphics 630 (ID=0x5912)
    Vendor:   
    VRAM:     4049 MB
    Driver:   21.20.16.4550
Initialize mono
Mono path[0] = 'C:/Program Files/Unity/Hub/Editor/2020.3.11f1/Editor/Data/Managed'
Mono path[1] = 'C:/Program Files/Unity/Hub/Editor/2020.3.11f1/Editor/Data/MonoBleedingEdge/lib/mono/unityjit'
Mono config path = 'C:/Program Files/Unity/Hub/Editor/2020.3.11f1/Editor/Data/MonoBleedingEdge/etc'
Using monoOptions --debugger-agent=transport=dt_socket,embedding=1,server=y,suspend=n,address=127.0.0.1:56192
Begin MonoManager ReloadAssembly
Registering precompiled unity dll's ...
Register platform support module: C:/Program Files/Unity/Hub/Editor/2020.3.11f1/Editor/Data/PlaybackEngines/WindowsStandaloneSupport/UnityEditor.WindowsStandalone.Extensions.dll
Registered in 0.002349 seconds.
Native extension for WindowsStandalone target not found
Refreshing native plugins compatible for Editor in 56.80 ms, found 3 plugins.
Preloading 0 native plugins for Editor in 0.00 ms.
Mono: successfully reloaded assembly
- Completed reload, in  1.409 seconds
Platform modules already initialized, skipping
Registering precompiled user dll's ...
Registered in 0.005205 seconds.
Begin MonoManager ReloadAssembly
Native extension for WindowsStandalone target not found
Refreshing native plugins compatible for Editor in 53.23 ms, found 3 plugins.
Preloading 0 native plugins for Editor in 0.00 ms.
Mono: successfully reloaded assembly
- Completed reload, in  1.411 seconds
Platform modules already initialized, skipping
========================================================================
Worker process is ready to serve import requests
Launched and connected shader compiler UnityShaderCompiler.exe after 0.05 seconds
Refreshing native plugins compatible for Editor in 0.60 ms, found 3 plugins.
Preloading 0 native plugins for Editor in 0.00 ms.
Unloading 2137 Unused Serialized files (Serialized files now loaded: 0)
System memory in use before: 96.5 MB.
System memory in use after: 96.4 MB.

Unloading 33 unused Assets to reduce memory usage. Loaded Objects now: 2572.
Total: 3.289900 ms (FindLiveObjects: 0.434300 ms CreateObjectMapping: 0.219300 ms MarkObjects: 2.458300 ms  DeleteObjects: 0.175600 ms)

========================================================================
Received Import Request.
  path: Assets/Trail2.prefab
  artifactKey: Guid(bd0990682823aea45a0a5dc7ca16b4ac) Importer(815301076,1909f56bfc062723c751e8b465ee728b)
Start importing Assets/Trail2.prefab using Guid(bd0990682823aea45a0a5dc7ca16b4ac) Importer(815301076,1909f56bfc062723c751e8b465ee728b)  -> (artifact id: '52d600e156f08dea905de7518aaae2aa') in 0.115093 seconds
  Import took 0.119637 seconds .

========================================================================
Received Import Request.
  Time since last request: 0.000601 seconds.
  path: Assets/Trail1.prefab
  artifactKey: Guid(4110b37cb9125c94a98e4b9f6afa0333) Importer(815301076,1909f56bfc062723c751e8b465ee728b)
Start importing Assets/Trail1.prefab using Guid(4110b37cb9125c94a98e4b9f6afa0333) Importer(815301076,1909f56bfc062723c751e8b465ee728b)  -> (artifact id: 'c81027677b70f70745bce8450288d807') in 0.017234 seconds
  Import took 0.021592 seconds .

========================================================================
Received Import Request.
  Time since last request: 0.000580 seconds.
  path: Assets/xh494kuh.bmp
  artifactKey: Guid(7b27fd49f9acb2e4bab178861e3895f2) Importer(815301076,1909f56bfc062723c751e8b465ee728b)
Start importing Assets/xh494kuh.bmp using Guid(7b27fd49f9acb2e4bab178861e3895f2) Importer(815301076,1909f56bfc062723c751e8b465ee728b)  -> (artifact id: '3e149c598597dfaa600105b33c7bac81') in 0.052720 seconds
  Import took 0.057906 seconds .

========================================================================
Received Import Request.
  Time since last request: 0.000552 seconds.
  path: Assets/Fuel.prefab
  artifactKey: Guid(72520eb813285e349bc5d1529361c7ac) Importer(815301076,1909f56bfc062723c751e8b465ee728b)
Start importing Assets/Fuel.prefab using Guid(72520eb813285e349bc5d1529361c7ac) Importer(815301076,1909f56bfc062723c751e8b465ee728b)  -> (artifact id: '8dca0cb31103752a3e02261fefdd2348') in 0.017251 seconds
  Import took 0.021797 seconds .

========================================================================
Received Import Request.
  Time since last request: 31.277476 seconds.
  path: Assets/Scripts
  artifactKey: Guid(4846b6a6133184945b301560f3978255) Importer(815301076,1909f56bfc062723c751e8b465ee728b)
Start importing Assets/Scripts using Guid(4846b6a6133184945b301560f3978255) Importer(815301076,1909f56bfc062723c751e8b465ee728b)  -> (artifact id: 'e9826f54f059e53865bda8e63f518b77') in 0.002658 seconds
  Import took 0.006451 seconds .

========================================================================
Received Import Request.
  Time since last request: 0.011187 seconds.
  path: Assets/Scripts
  artifactKey: Guid(4846b6a6133184945b301560f3978255) Importer(815301076,1909f56bfc062723c751e8b465ee728b)
Start importing Assets/Scripts using Guid(4846b6a6133184945b301560f3978255) Importer(815301076,1909f56bfc062723c751e8b465ee728b)  -> (artifact id: 'e9826f54f059e53865bda8e63f518b77') in 0.003033 seconds
  Import took 0.007547 seconds .

========================================================================
Received Import Request.
  Time since last request: 0.618818 seconds.
  path: Assets/Scenes
  artifactKey: Guid(43b7ca7750e36a44399e12523bccea68) Importer(815301076,1909f56bfc062723c751e8b465ee728b)
Start importing Assets/Scenes using Guid(43b7ca7750e36a44399e12523bccea68) Importer(815301076,1909f56bfc062723c751e8b465ee728b)  -> (artifact id: '35f0cd7b5b22023e634ebe770406b82e') in 0.005228 seconds
  Import took 0.011640 seconds .

========================================================================
Received Import Request.
  Time since last request: 1.207026 seconds.
  path: Assets/Scenes/Game.unity
  artifactKey: Guid(2cda990e2423bbf4892e6590ba056729) Importer(815301076,1909f56bfc062723c751e8b465ee728b)
Start importing Assets/Scenes/Game.unity using Guid(2cda990e2423bbf4892e6590ba056729) Importer(815301076,1909f56bfc062723c751e8b465ee728b)  -> (artifact id: '11cca398c012e73e4ccd156867d12690') in 0.006788 seconds
  Import took 0.012545 seconds .

========================================================================
Received Prepare
Registering precompiled user dll's ...
Registered in 0.006979 seconds.
Begin MonoManager ReloadAssembly
Native extension for WindowsStandalone target not found
Refreshing native plugins compatible for Editor in 1.24 ms, found 3 plugins.
Preloading 0 native plugins for Editor in 0.00 ms.
Mono: successfully reloaded assembly
- Completed reload, in  1.784 seconds
Platform modules already initialized, skipping
Refreshing native plugins compatible for Editor in 0.64 ms, found 3 plugins.
Preloading 0 native plugins for Editor in 0.00 ms.
Unloading 2119 Unused Serialized files (Serialized files now loaded: 0)
System memory in use before: 98.3 MB.
System memory in use after: 98.2 MB.

Unloading 21 unused Assets to reduce memory usage. Loaded Objects now: 2586.
Total: 3.505800 ms (FindLiveObjects: 0.404300 ms CreateObjectMapping: 0.201800 ms MarkObjects: 2.738300 ms  DeleteObjects: 0.158200 ms)

========================================================================
Received Import Request.
  Time since last request: 167.279690 seconds.
  path: Assets/Scenes/Tie.unity
  artifactKey: Guid(139063add7098ad4e8686df390e63360) Importer(815301076,1909f56bfc062723c751e8b465ee728b)
Start importing Assets/Scenes/Tie.unity using Guid(139063add7098ad4e8686df390e63360) Importer(815301076,1909f56bfc062723c751e8b465ee728b)  -> (artifact id: 'e21e6bf1cc6a2e825637ab34cce66fb0') in 0.022784 seconds
  Import took 0.027039 seconds .

========================================================================
Received Import Request.
  Time since last request: 17.290454 seconds.
  path: Assets/Scenes/Game.unity
  artifactKey: Guid(2cda990e2423bbf4892e6590ba056729) Importer(815301076,1909f56bfc062723c751e8b465ee728b)
Start importing Assets/Scenes/Game.unity using Guid(2cda990e2423bbf4892e6590ba056729) Importer(815301076,1909f56bfc062723c751e8b465ee728b)  -> (artifact id: '3ac3eadc23f6f4e3f613ad4d557d57ba') in 0.005951 seconds
  Import took 0.010435 seconds .

========================================================================
Received Import Request.
  Time since last request: 168.630948 seconds.
  path: Assets/Scenes/Menu.unity
  artifactKey: Guid(041ce9ccbd6c7f94795e7340a2391694) Importer(815301076,1909f56bfc062723c751e8b465ee728b)
Start importing Assets/Scenes/Menu.unity using Guid(041ce9ccbd6c7f94795e7340a2391694) Importer(815301076,1909f56bfc062723c751e8b465ee728b)  -> (artifact id: '87f496d6010333cb75b2a9c371f0a2b4') in 0.008648 seconds
  Import took 0.014024 seconds .

========================================================================
Received Import Request.
  Time since last request: 9.416410 seconds.
  path: Assets/Scenes/Game.unity
  artifactKey: Guid(2cda990e2423bbf4892e6590ba056729) Importer(815301076,1909f56bfc062723c751e8b465ee728b)
Start importing Assets/Scenes/Game.unity using Guid(2cda990e2423bbf4892e6590ba056729) Importer(815301076,1909f56bfc062723c751e8b465ee728b)  -> (artifact id: '4d46bacfa67a0bd47926eb19c1e0ce91') in 0.004923 seconds
  Import took 0.009879 seconds .

========================================================================
Received Prepare
Registering precompiled user dll's ...
Registered in 0.005179 seconds.
Begin MonoManager ReloadAssembly
Native extension for WindowsStandalone target not found
Refreshing native plugins compatible for Editor in 1.11 ms, found 3 plugins.
Preloading 0 native plugins for Editor in 0.00 ms.
Mono: successfully reloaded assembly
- Completed reload, in  1.337 seconds
Platform modules already initialized, skipping
Refreshing native plugins compatible for Editor in 0.59 ms, found 3 plugins.
Preloading 0 native plugins for Editor in 0.00 ms.
Unloading 2120 Unused Serialized files (Serialized files now loaded: 0)
System memory in use before: 98.3 MB.
System memory in use after: 98.3 MB.

Unloading 21 unused Assets to reduce memory usage. Loaded Objects now: 2591.
Total: 2.958300 ms (FindLiveObjects: 0.292800 ms CreateObjectMapping: 0.130300 ms MarkObjects: 2.392100 ms  DeleteObjects: 0.141200 ms)

========================================================================
Received Import Request.
  Time since last request: 82.043405 seconds.
  path: Assets/Pausemenu.cs
  artifactKey: Guid(f76b03e5e9967ac4ab8c6ad796cba8b3) Importer(815301076,1909f56bfc062723c751e8b465ee728b)
Start importing Assets/Pausemenu.cs using Guid(f76b03e5e9967ac4ab8c6ad796cba8b3) Importer(815301076,1909f56bfc062723c751e8b465ee728b)  -> (artifact id: '668ad0eff9bdab524714cccd13e07218') in 0.016864 seconds
  Import took 0.023098 seconds .

========================================================================
Received Prepare
Registering precompiled user dll's ...
Registered in 0.005444 seconds.
Begin MonoManager ReloadAssembly
Native extension for WindowsStandalone target not found
Refreshing native plugins compatible for Editor in 0.62 ms, found 3 plugins.
Preloading 0 native plugins for Editor in 0.00 ms.
Mono: successfully reloaded assembly
- Completed reload, in  1.448 seconds
Platform modules already initialized, skipping
Refreshing native plugins compatible for Editor in 0.58 ms, found 3 plugins.
Preloading 0 native plugins for Editor in 0.00 ms.
Unloading 2120 Unused Serialized files (Serialized files now loaded: 0)
System memory in use before: 98.4 MB.
System memory in use after: 98.4 MB.

Unloading 21 unused Assets to reduce memory usage. Loaded Objects now: 2595.
Total: 3.643900 ms (FindLiveObjects: 0.600400 ms CreateObjectMapping: 0.123800 ms MarkObjects: 2.754800 ms  DeleteObjects: 0.162700 ms)

========================================================================
Received Prepare
Registering precompiled user dll's ...
Registered in 0.006548 seconds.
Begin MonoManager ReloadAssembly
Native extension for WindowsStandalone target not found
Refreshing native plugins compatible for Editor in 0.55 ms, found 3 plugins.
Preloading 0 native plugins for Editor in 0.00 ms.
Mono: successfully reloaded assembly
- Completed reload, in  2.107 seconds
Platform modules already initialized, skipping
Refreshing native plugins compatible for Editor in 2.55 ms, found 3 plugins.
Preloading 0 native plugins for Editor in 0.00 ms.
Unloading 2120 Unused Serialized files (Serialized files now loaded: 0)
System memory in use before: 98.4 MB.
System memory in use after: 98.4 MB.

Unloading 21 unused Assets to reduce memory usage. Loaded Objects now: 2599.
Total: 3.071800 ms (FindLiveObjects: 0.266000 ms CreateObjectMapping: 0.113700 ms MarkObjects: 2.516400 ms  DeleteObjects: 0.173400 ms)

========================================================================
Received Import Request.
  Time since last request: 405.239593 seconds.
  path: Assets/Scenes/Game.unity
  artifactKey: Guid(2cda990e2423bbf4892e6590ba056729) Importer(815301076,1909f56bfc062723c751e8b465ee728b)
Start importing Assets/Scenes/Game.unity using Guid(2cda990e2423bbf4892e6590ba056729) Importer(815301076,1909f56bfc062723c751e8b465ee728b)  -> (artifact id: '4b62021019c6513bf1ef2d8108f6de33') in 0.025885 seconds
  Import took 0.031154 seconds .

========================================================================
Received Prepare
Registering precompiled user dll's ...
Registered in 0.005008 seconds.
Begin MonoManager ReloadAssembly
Native extension for WindowsStandalone target not found
Refreshing native plugins compatible for Editor in 0.59 ms, found 3 plugins.
Preloading 0 native plugins for Editor in 0.00 ms.
Mono: successfully reloaded assembly
- Completed reload, in  1.367 seconds
Platform modules already initialized, skipping
Refreshing native plugins compatible for Editor in 0.67 ms, found 3 plugins.
Preloading 0 native plugins for Editor in 0.00 ms.
Unloading 2120 Unused Serialized files (Serialized files now loaded: 0)
System memory in use before: 98.4 MB.
System memory in use after: 98.4 MB.

Unloading 21 unused Assets to reduce memory usage. Loaded Objects now: 2603.
Total: 2.997300 ms (FindLiveObjects: 0.233200 ms CreateObjectMapping: 0.106100 ms MarkObjects: 2.510400 ms  DeleteObjects: 0.145500 ms)

========================================================================
Received Prepare
Registering precompiled user dll's ...
Registered in 0.005458 seconds.
Begin MonoManager ReloadAssembly
Native extension for WindowsStandalone target not found
Refreshing native plugins compatible for Editor in 0.56 ms, found 3 plugins.
Preloading 0 native plugins for Editor in 0.00 ms.
Mono: successfully reloaded assembly
- Completed reload, in  1.288 seconds
Platform modules already initialized, skipping
Refreshing native plugins compatible for Editor in 0.74 ms, found 3 plugins.
Preloading 0 native plugins for Editor in 0.00 ms.
Unloading 2120 Unused Serialized files (Serialized files now loaded: 0)
System memory in use before: 98.4 MB.
System memory in use after: 98.4 MB.

Unloading 21 unused Assets to reduce memory usage. Loaded Objects now: 2607.
Total: 4.625800 ms (FindLiveObjects: 0.551000 ms CreateObjectMapping: 0.284300 ms MarkObjects: 3.637500 ms  DeleteObjects: 0.150300 ms)

========================================================================
Received Prepare
Registering precompiled user dll's ...
Registered in 0.005438 seconds.
Begin MonoManager ReloadAssembly
Native extension for WindowsStandalone target not found
Refreshing native plugins compatible for Editor in 0.85 ms, found 3 plugins.
Preloading 0 native plugins for Editor in 0.00 ms.
Mono: successfully reloaded assembly
- Completed reload, in  1.332 seconds
Platform modules already initialized, skipping
Refreshing native plugins compatible for Editor in 0.67 ms, found 3 plugins.
Preloading 0 native plugins for Editor in 0.00 ms.
Unloading 2120 Unused Serialized files (Serialized files now loaded: 0)
System memory in use before: 98.4 MB.
System memory in use after: 98.4 MB.

Unloading 21 unused Assets to reduce memory usage. Loaded Objects now: 2611.
Total: 3.053100 ms (FindLiveObjects: 0.260800 ms CreateObjectMapping: 0.119100 ms MarkObjects: 2.528400 ms  DeleteObjects: 0.143200 ms)

========================================================================
Received Prepare
Registering precompiled user dll's ...
Registered in 0.005162 seconds.
Begin MonoManager ReloadAssembly
Native extension for WindowsStandalone target not found
Refreshing native plugins compatible for Editor in 0.58 ms, found 3 plugins.
Preloading 0 native plugins for Editor in 0.00 ms.
Mono: successfully reloaded assembly
- Completed reload, in  1.457 seconds
Platform modules already initialized, skipping
Refreshing native plugins compatible for Editor in 0.59 ms, found 3 plugins.
Preloading 0 native plugins for Editor in 0.00 ms.
Unloading 2120 Unused Serialized files (Serialized files now loaded: 0)
System memory in use before: 98.4 MB.
System memory in use after: 98.4 MB.

Unloading 21 unused Assets to reduce memory usage. Loaded Objects now: 2615.
Total: 3.942200 ms (FindLiveObjects: 0.304700 ms CreateObjectMapping: 0.115300 ms MarkObjects: 3.370300 ms  DeleteObjects: 0.150000 ms)

AssetImportWorkerClient::OnTransportError - code=2 error=End of file
